Determining if the pthread_create exist failed with the following output:
Change Dir: /mnt/c/Users/Lucas/Desktop/homework-master/CMakeFiles/CMakeTmp

Run Build Command:"/usr/bin/make" "cmTC_0f15a/fast"
/usr/bin/make -f CMakeFiles/cmTC_0f15a.dir/build.make CMakeFiles/cmTC_0f15a.dir/build
make[1]: Entering directory '/mnt/c/Users/Lucas/Desktop/homework-master/CMakeFiles/CMakeTmp'
Building C object CMakeFiles/cmTC_0f15a.dir/CheckSymbolExists.c.o
/usr/bin/cc     -o CMakeFiles/cmTC_0f15a.dir/CheckSymbolExists.c.o   -c /mnt/c/Users/Lucas/Desktop/homework-master/CMakeFiles/CMakeTmp/CheckSymbolExists.c
Linking C executable cmTC_0f15a
/usr/bin/cmake -E cmake_link_script CMakeFiles/cmTC_0f15a.dir/link.txt --verbose=1
/usr/bin/cc       CMakeFiles/cmTC_0f15a.dir/CheckSymbolExists.c.o  -o cmTC_0f15a -rdynamic 
CMakeFiles/cmTC_0f15a.dir/CheckSymbolExists.c.o: 於函式 main:
CheckSymbolExists.c:(.text+0x16): 未定義參考到「pthread_create」
collect2: error: ld returned 1 exit status
CMakeFiles/cmTC_0f15a.dir/build.make:97: recipe for target 'cmTC_0f15a' failed
make[1]: *** [cmTC_0f15a] Error 1
make[1]: Leaving directory '/mnt/c/Users/Lucas/Desktop/homework-master/CMakeFiles/CMakeTmp'
Makefile:126: recipe for target 'cmTC_0f15a/fast' failed
make: *** [cmTC_0f15a/fast] Error 2

File /mnt/c/Users/Lucas/Desktop/homework-master/CMakeFiles/CMakeTmp/CheckSymbolExists.c:
/* */
#include <pthread.h>

int main(int argc, char** argv)
{
  (void)argv;
#ifndef pthread_create
  return ((int*)(&pthread_create))[argc];
#else
  (void)argc;
  return 0;
#endif
}

Determining if the function pthread_create exists in the pthreads failed with the following output:
Change Dir: /mnt/c/Users/Lucas/Desktop/homework-master/CMakeFiles/CMakeTmp

Run Build Command:"/usr/bin/make" "cmTC_fa9ea/fast"
/usr/bin/make -f CMakeFiles/cmTC_fa9ea.dir/build.make CMakeFiles/cmTC_fa9ea.dir/build
make[1]: Entering directory '/mnt/c/Users/Lucas/Desktop/homework-master/CMakeFiles/CMakeTmp'
Building C object CMakeFiles/cmTC_fa9ea.dir/CheckFunctionExists.c.o
/usr/bin/cc    -DCHECK_FUNCTION_EXISTS=pthread_create   -o CMakeFiles/cmTC_fa9ea.dir/CheckFunctionExists.c.o   -c /usr/share/cmake-3.5/Modules/CheckFunctionExists.c
Linking C executable cmTC_fa9ea
/usr/bin/cmake -E cmake_link_script CMakeFiles/cmTC_fa9ea.dir/link.txt --verbose=1
/usr/bin/cc   -DCHECK_FUNCTION_EXISTS=pthread_create    CMakeFiles/cmTC_fa9ea.dir/CheckFunctionExists.c.o  -o cmTC_fa9ea -rdynamic -lpthreads 
/usr/bin/ld: 找不到 -lpthreads
collect2: error: ld returned 1 exit status
CMakeFiles/cmTC_fa9ea.dir/build.make:97: recipe for target 'cmTC_fa9ea' failed
make[1]: *** [cmTC_fa9ea] Error 1
make[1]: Leaving directory '/mnt/c/Users/Lucas/Desktop/homework-master/CMakeFiles/CMakeTmp'
Makefile:126: recipe for target 'cmTC_fa9ea/fast' failed
make: *** [cmTC_fa9ea/fast] Error 2


